TN:
SF:/Users/tasaeda/proj/population_of_prefs/components/Chart.vue
FN:11,(anonymous_1)
FN:19,(anonymous_2)
FNF:2
FNH:2
FNDA:1,(anonymous_1)
FNDA:1,(anonymous_2)
DA:2,1
DA:3,1
DA:12,1
DA:20,1
LF:4
LH:4
BRF:0
BRH:0
end_of_record
TN:
SF:/Users/tasaeda/proj/population_of_prefs/components/Graph.vue
FNF:0
FNH:0
DA:17,1
LF:1
LH:1
BRF:0
BRH:0
end_of_record
TN:
SF:/Users/tasaeda/proj/population_of_prefs/components/Prefs.vue
FN:25,(anonymous_2)
FN:31,(anonymous_3)
FN:36,(anonymous_4)
FNF:3
FNH:2
FNDA:1,(anonymous_2)
FNDA:1,(anonymous_3)
FNDA:0,(anonymous_4)
DA:22,1
DA:26,1
DA:32,1
DA:37,0
LF:4
LH:3
BRF:0
BRH:0
end_of_record
TN:
SF:/Users/tasaeda/proj/population_of_prefs/pages/about.vue
FNF:0
FNH:0
DA:61,0
DA:62,0
LF:2
LH:0
BRF:0
BRH:0
end_of_record
TN:
SF:/Users/tasaeda/proj/population_of_prefs/pages/index.vue
FN:24,(anonymous_2)
FNF:1
FNH:1
FNDA:1,(anonymous_2)
DA:16,1
DA:17,1
DA:25,1
LF:3
LH:3
BRF:0
BRH:0
end_of_record
